[0.023s] Invoking command in '/home/maximiliano/ROS/prueba_proyecto/build/viz_package_cpp2': CMAKE_PREFIX_PATH=${CMAKE_PREFIX_PATH}:/opt/ros/jazzy DEBUGINFOD_URLS=https://debuginfod.ubuntu.com /usr/bin/cmake /home/maximiliano/ROS/prueba_proyecto/src/proyecto-robotica/viz_package_cpp2 -DCMAKE_INSTALL_PREFIX=/home/maximiliano/ROS/prueba_proyecto/install/viz_package_cpp2
[0.140s] -- The C compiler identification is GNU 13.3.0
[0.262s] -- The CXX compiler identification is GNU 13.3.0
[0.293s] -- Detecting C compiler ABI info
[0.501s] -- Detecting C compiler ABI info - done
[0.526s] -- Check for working C compiler: /usr/bin/cc - skipped
[0.527s] -- Detecting C compile features
[0.528s] -- Detecting C compile features - done
[0.549s] -- Detecting CXX compiler ABI info
[0.777s] -- Detecting CXX compiler ABI info - done
[0.800s] -- Check for working CXX compiler: /usr/bin/c++ - skipped
[0.801s] -- Detecting CXX compile features
[0.802s] -- Detecting CXX compile features - done
[0.810s] -- Found ament_cmake: 2.5.4 (/opt/ros/jazzy/share/ament_cmake/cmake)
[1.139s] -- Found Python3: /usr/bin/python3 (found version "3.12.3") found components: Interpreter 
[1.364s] -- Found rclcpp: 28.1.10 (/opt/ros/jazzy/share/rclcpp/cmake)
[1.457s] -- Found rosidl_generator_c: 4.6.5 (/opt/ros/jazzy/share/rosidl_generator_c/cmake)
[1.485s] -- Found rosidl_generator_cpp: 4.6.5 (/opt/ros/jazzy/share/rosidl_generator_cpp/cmake)
[1.521s] -- Using all available rosidl_typesupport_c: rosidl_typesupport_fastrtps_c;rosidl_typesupport_introspection_c
[1.559s] -- Using all available rosidl_typesupport_cpp: rosidl_typesupport_fastrtps_cpp;rosidl_typesupport_introspection_cpp
[1.720s] -- Found rmw_implementation_cmake: 7.3.2 (/opt/ros/jazzy/share/rmw_implementation_cmake/cmake)
[1.727s] -- Found rmw_fastrtps_cpp: 8.4.2 (/opt/ros/jazzy/share/rmw_fastrtps_cpp/cmake)
[1.899s] -- Found OpenSSL: /usr/lib/x86_64-linux-gnu/libcrypto.so (found version "3.0.13")  
[1.947s] -- Found FastRTPS: /opt/ros/jazzy/include (Required is at least version "2.13") 
[1.998s] -- Using RMW implementation 'rmw_fastrtps_cpp' as default
[2.162s] -- Found visualization_msgs: 5.3.6 (/opt/ros/jazzy/share/visualization_msgs/cmake)
[2.361s] -- Found tf2: 0.36.12 (/opt/ros/jazzy/share/tf2/cmake)
[2.372s] -- Found tf2_ros: 0.36.12 (/opt/ros/jazzy/share/tf2_ros/cmake)
[2.643s] -- Found tf2_geometry_msgs: 0.36.12 (/opt/ros/jazzy/share/tf2_geometry_msgs/cmake)
[2.674s] -- Found eigen3_cmake_module: 0.3.0 (/opt/ros/jazzy/share/eigen3_cmake_module/cmake)
[2.677s] -- Found Eigen3: TRUE (found version "3.4.0") 
[2.677s] -- Ensuring Eigen3 include directory is part of orocos-kdl CMake target
[2.701s] -- Found ament_lint_auto: 0.17.2 (/opt/ros/jazzy/share/ament_lint_auto/cmake)
[2.943s] -- Added test 'cppcheck' to perform static code analysis on C / C++ code
[2.945s] -- Configured cppcheck include dirs: $<BUILD_INTERFACE:/home/maximiliano/ROS/prueba_proyecto/src/proyecto-robotica/viz_package_cpp2/include>
[2.945s] -- Configured cppcheck exclude dirs and/or files: 
[2.947s] -- Added test 'flake8' to check Python code syntax and style conventions
[2.947s] -- Configured 'flake8' exclude dirs and/or files: 
[2.950s] -- Added test 'lint_cmake' to check CMake code style
[2.952s] -- Added test 'pep257' to check Python code against some of the docstring style conventions in PEP 257
[2.957s] -- Added test 'uncrustify' to check C / C++ code style
[2.957s] -- Configured uncrustify additional arguments: 
[2.958s] -- Added test 'xmllint' to check XML markup files
[2.962s] -- Configuring done (2.9s)
[3.055s] -- Generating done (0.1s)
[3.083s] -- Build files have been written to: /home/maximiliano/ROS/prueba_proyecto/build/viz_package_cpp2
[3.106s] Invoked command in '/home/maximiliano/ROS/prueba_proyecto/build/viz_package_cpp2' returned '0': CMAKE_PREFIX_PATH=${CMAKE_PREFIX_PATH}:/opt/ros/jazzy DEBUGINFOD_URLS=https://debuginfod.ubuntu.com /usr/bin/cmake /home/maximiliano/ROS/prueba_proyecto/src/proyecto-robotica/viz_package_cpp2 -DCMAKE_INSTALL_PREFIX=/home/maximiliano/ROS/prueba_proyecto/install/viz_package_cpp2
[3.110s] Invoking command in '/home/maximiliano/ROS/prueba_proyecto/build/viz_package_cpp2': CMAKE_PREFIX_PATH=${CMAKE_PREFIX_PATH}:/opt/ros/jazzy DEBUGINFOD_URLS=https://debuginfod.ubuntu.com /usr/bin/cmake --build /home/maximiliano/ROS/prueba_proyecto/build/viz_package_cpp2 -- -j4 -l4
[3.251s] [  7%] [32mBuilding CXX object CMakeFiles/viz_node.dir/src/viz_node.cpp.o[0m
[3.254s] [ 21%] [32mBuilding CXX object CMakeFiles/circle_control_node.dir/src/circle_control_node.cpp.o[0m
[3.258s] [ 21%] [32mBuilding CXX object CMakeFiles/ps2_joy_node.dir/src/ps2_joy_node.cpp.o[0m
[3.259s] [ 28%] [32mBuilding CXX object CMakeFiles/move_node.dir/src/move_node.cpp.o[0m
[4.490s] [01m[K/home/maximiliano/ROS/prueba_proyecto/src/proyecto-robotica/viz_package_cpp2/src/move_node.cpp:13:10:[m[K [01;31m[Kfatal error: [m[Ktf2_ros/transform_broadcaster.hpp: No existe el archivo o el directorio
[4.491s]    13 | #include [01;31m[K<tf2_ros/transform_broadcaster.hpp>[m[K
[4.491s]       |          [01;31m[K^~~~~~~~~~~~~~~~~~~~~~~~~~~~~~~~~~~[m[K
[4.491s] compilation terminated.
[4.499s] gmake[2]: *** [CMakeFiles/move_node.dir/build.make:76: CMakeFiles/move_node.dir/src/move_node.cpp.o] Error 1
[4.500s] gmake[1]: *** [CMakeFiles/Makefile2:175: CMakeFiles/move_node.dir/all] Error 2
[4.501s] gmake[1]: *** Se espera a que terminen otras tareas....
[14.780s] [ 35%] [32m[1mLinking CXX executable circle_control_node[0m
[15.363s] [ 35%] Built target circle_control_node
[17.359s] [ 42%] [32m[1mLinking CXX executable viz_node[0m
[17.832s] [ 42%] Built target viz_node
[24.392s] [ 50%] [32m[1mLinking CXX executable ps2_joy_node[0m
[25.067s] [ 50%] Built target ps2_joy_node
[25.070s] gmake: *** [Makefile:146: all] Error 2
[25.078s] Invoked command in '/home/maximiliano/ROS/prueba_proyecto/build/viz_package_cpp2' returned '2': CMAKE_PREFIX_PATH=${CMAKE_PREFIX_PATH}:/opt/ros/jazzy DEBUGINFOD_URLS=https://debuginfod.ubuntu.com /usr/bin/cmake --build /home/maximiliano/ROS/prueba_proyecto/build/viz_package_cpp2 -- -j4 -l4
